<?xml version="1.0" encoding="UTF-8"?>
<!-- Generated by org.testng.reporters.JUnitXMLReporter -->
<testsuite hostname="MacBook-Pro-de-Rodrigo-2.local" ignored="0" name="Test1" tests="2" failures="1" timestamp="16 sep 2018 21:16:49 GMT" time="21.523" errors="0">
  <testcase name="SearhProductInHomePage1" time="4.806" classname="com.falabella.test.cl.T1">
    <failure type="java.lang.AssertionError" message="Div Product is not display expected [true] but found [false]">
      <![CDATA[java.lang.AssertionError: Div Product is not display expected [true] but found [false]
at com.falabella.test.cl.T1.SearhProductInHomePage1(T1.java:21)
at com.falabella.config.BaseConfig.run(BaseConfig.java:51)
at java.util.concurrent.ThreadPoolExecutor.runWorker(ThreadPoolExecutor.java:1149)
at java.util.concurrent.ThreadPoolExecutor$Worker.run(ThreadPoolExecutor.java:624)
at java.lang.Thread.run(Thread.java:748)
... Removed 15 stack frames]]>
    </failure>
  </testcase> <!-- SearhProductInHomePage1 -->
  <testcase name="SearhProductInHomePage2" time="9.174" classname="com.falabella.test.cl.T2"/>
</testsuite> <!-- Test1 -->
