<?xml version="1.0" encoding="UTF-8"?>
<testng-results ignored="0" total="2" passed="1" failed="1" skipped="0">
  <reporter-output>
  </reporter-output>
  <suite started-at="2018-07-30T19:51:36Z" name="Suite" finished-at="2018-07-30T19:51:57Z" duration-ms="20934">
    <groups>
    </groups>
    <test started-at="2018-07-30T19:51:36Z" name="Test" finished-at="2018-07-30T19:51:57Z" duration-ms="20934">
      <class name="com.falabella.test.cl.T2">
        <test-method is-config="true" signature="getDriver()[pri:0, instance:com.falabella.test.cl.T2@7b2bbc3]" started-at="2018-07-30T15:51:48Z" name="getDriver" finished-at="2018-07-30T15:51:53Z" duration-ms="4897" status="PASS">
          <reporter-output>
          </reporter-output>
        </test-method> <!-- getDriver -->
        <test-method signature="Searh_Product_In_HomePage_2()[pri:0, instance:com.falabella.test.cl.T2@7b2bbc3]" started-at="2018-07-30T15:51:53Z" name="Searh_Product_In_HomePage_2" finished-at="2018-07-30T15:51:57Z" duration-ms="4434" status="FAIL">
          <exception class="java.lang.AssertionError">
            <message>
              <![CDATA[Div Product is not display expected [false] but found [true]]]>
            </message>
            <full-stacktrace>
              <![CDATA[java.lang.AssertionError: Div Product is not display expected [false] but found [true]
	at org.testng.Assert.fail(Assert.java:93)
	at org.testng.Assert.failNotEquals(Assert.java:512)
	at org.testng.Assert.assertFalse(Assert.java:62)
	at com.falabella.test.cl.T2.Searh_Product_In_HomePage_2(T2.java:15)
	at java.base/jdk.internal.reflect.NativeMethodAccessorImpl.invoke0(Native Method)
	at java.base/jdk.internal.reflect.NativeMethodAccessorImpl.invoke(NativeMethodAccessorImpl.java:62)
	at java.base/jdk.internal.reflect.DelegatingMethodAccessorImpl.invoke(DelegatingMethodAccessorImpl.java:43)
	at java.base/java.lang.reflect.Method.invoke(Method.java:564)
	at org.testng.internal.MethodInvocationHelper.invokeMethod(MethodInvocationHelper.java:108)
	at org.testng.internal.Invoker.invokeMethod(Invoker.java:661)
	at org.testng.internal.Invoker.invokeTestMethod(Invoker.java:869)
	at org.testng.internal.Invoker.invokeTestMethods(Invoker.java:1193)
	at org.testng.internal.TestMethodWorker.invokeTestMethods(TestMethodWorker.java:126)
	at org.testng.internal.TestMethodWorker.run(TestMethodWorker.java:109)
	at org.testng.TestRunner.privateRun(TestRunner.java:744)
	at org.testng.TestRunner.run(TestRunner.java:602)
	at org.testng.SuiteRunner.runTest(SuiteRunner.java:380)
	at org.testng.SuiteRunner.runSequentially(SuiteRunner.java:375)
	at org.testng.SuiteRunner.privateRun(SuiteRunner.java:340)
	at org.testng.SuiteRunner.run(SuiteRunner.java:289)
	at org.testng.SuiteRunnerWorker.runSuite(SuiteRunnerWorker.java:52)
	at org.testng.SuiteRunnerWorker.run(SuiteRunnerWorker.java:86)
	at org.testng.TestNG.runSuitesSequentially(TestNG.java:1301)
	at org.testng.TestNG.runSuitesLocally(TestNG.java:1226)
	at org.testng.TestNG.runSuites(TestNG.java:1144)
	at org.testng.TestNG.run(TestNG.java:1115)
	at org.apache.maven.surefire.testng.TestNGExecutor.run(TestNGExecutor.java:283)
	at org.apache.maven.surefire.testng.TestNGXmlTestSuite.execute(TestNGXmlTestSuite.java:75)
	at org.apache.maven.surefire.testng.TestNGProvider.invoke(TestNGProvider.java:120)
	at org.apache.maven.surefire.booter.ForkedBooter.invokeProviderInSameClassLoader(ForkedBooter.java:383)
	at org.apache.maven.surefire.booter.ForkedBooter.runSuitesInProcess(ForkedBooter.java:344)
	at org.apache.maven.surefire.booter.ForkedBooter.execute(ForkedBooter.java:125)
	at org.apache.maven.surefire.booter.ForkedBooter.main(ForkedBooter.java:417)
]]>
            </full-stacktrace>
          </exception> <!-- java.lang.AssertionError -->
          <reporter-output>
          </reporter-output>
        </test-method> <!-- Searh_Product_In_HomePage_2 -->
      </class> <!-- com.falabella.test.cl.T2 -->
      <class name="com.falabella.test.cl.T1">
        <test-method is-config="true" signature="getDriver()[pri:0, instance:com.falabella.test.cl.T1@48f2bd5b]" started-at="2018-07-30T15:51:36Z" name="getDriver" finished-at="2018-07-30T15:51:42Z" duration-ms="5406" status="PASS">
          <reporter-output>
          </reporter-output>
        </test-method> <!-- getDriver -->
        <test-method signature="Searh_Product_In_HomePage_1()[pri:0, instance:com.falabella.test.cl.T1@48f2bd5b]" started-at="2018-07-30T15:51:42Z" name="Searh_Product_In_HomePage_1" finished-at="2018-07-30T15:51:48Z" duration-ms="6166" status="PASS">
          <reporter-output>
          </reporter-output>
        </test-method> <!-- Searh_Product_In_HomePage_1 -->
      </class> <!-- com.falabella.test.cl.T1 -->
    </test> <!-- Test -->
  </suite> <!-- Suite -->
</testng-results>
