<?xml version="1.0" encoding="UTF-8"?>
<testng-results skipped="0" failed="1" ignored="0" total="1" passed="0">
  <reporter-output>
  </reporter-output>
  <suite name="Default suite" duration-ms="14305" started-at="2018-09-16T21:31:50Z" finished-at="2018-09-16T21:32:04Z">
    <groups>
    </groups>
    <test name="Default test" duration-ms="14305" started-at="2018-09-16T21:31:50Z" finished-at="2018-09-16T21:32:04Z">
      <class name="com.falabella.test.cl.T1">
        <test-method status="PASS" signature="getDriver()[pri:0, instance:com.falabella.test.cl.T1@7920ba90]" name="getDriver" is-config="true" duration-ms="10411" started-at="2018-09-16T21:31:50Z" finished-at="2018-09-16T21:32:00Z">
          <reporter-output>
          </reporter-output>
        </test-method> <!-- getDriver -->
        <test-method status="FAIL" signature="SearhProductInHomePage1(com.falabella.entities.Product)[pri:0, instance:com.falabella.test.cl.T1@7920ba90]" name="SearhProductInHomePage1" duration-ms="2945" started-at="2018-09-16T21:32:01Z" data-provider="ProductFalabella" finished-at="2018-09-16T21:32:03Z">
          <params>
            <param index="0">
              <value>
                <![CDATA[com.falabella.entities.Product@32f232a5]]>
              </value>
            </param>
          </params>
          <exception class="java.lang.AssertionError">
            <message>
              <![CDATA[Div Product is not display expected [true] but found [false]]]>
            </message>
            <full-stacktrace>
              <![CDATA[java.lang.AssertionError: Div Product is not display expected [true] but found [false]
at org.testng.Assert.fail(Assert.java:96)
at org.testng.Assert.failNotEquals(Assert.java:776)
at org.testng.Assert.assertTrue(Assert.java:44)
at com.falabella.test.cl.T1.SearhProductInHomePage1(T1.java:21)
at sun.reflect.NativeMethodAccessorImpl.invoke0(Native Method)
at sun.reflect.NativeMethodAccessorImpl.invoke(NativeMethodAccessorImpl.java:62)
at sun.reflect.DelegatingMethodAccessorImpl.invoke(DelegatingMethodAccessorImpl.java:43)
at java.lang.reflect.Method.invoke(Method.java:498)
at org.testng.internal.MethodInvocationHelper.invokeMethod(MethodInvocationHelper.java:124)
at org.testng.internal.MethodInvocationHelper$1.runTestMethod(MethodInvocationHelper.java:230)
at com.falabella.config.BaseConfig.run(BaseConfig.java:51)
at org.testng.internal.MethodInvocationHelper.invokeHookable(MethodInvocationHelper.java:242)
at org.testng.internal.Invoker.invokeMethod(Invoker.java:579)
at org.testng.internal.Invoker.invokeTestMethod(Invoker.java:719)
at org.testng.internal.Invoker.invokeTestMethods(Invoker.java:989)
at org.testng.internal.TestMethodWorker.invokeTestMethods(TestMethodWorker.java:125)
at org.testng.internal.TestMethodWorker.run(TestMethodWorker.java:109)
at org.testng.TestRunner.privateRun(TestRunner.java:648)
at org.testng.TestRunner.run(TestRunner.java:505)
at org.testng.SuiteRunner.runTest(SuiteRunner.java:455)
at org.testng.SuiteRunner.runSequentially(SuiteRunner.java:450)
at org.testng.SuiteRunner.privateRun(SuiteRunner.java:415)
at org.testng.SuiteRunner.run(SuiteRunner.java:364)
at org.testng.SuiteRunnerWorker.runSuite(SuiteRunnerWorker.java:52)
at org.testng.SuiteRunnerWorker.run(SuiteRunnerWorker.java:84)
at org.testng.TestNG.runSuitesSequentially(TestNG.java:1208)
at org.testng.TestNG.runSuitesLocally(TestNG.java:1137)
at org.testng.TestNG.runSuites(TestNG.java:1049)
at org.testng.TestNG.run(TestNG.java:1017)
at org.testng.remote.AbstractRemoteTestNG.run(AbstractRemoteTestNG.java:114)
at org.testng.remote.RemoteTestNG.initAndRun(RemoteTestNG.java:251)
at org.testng.remote.RemoteTestNG.main(RemoteTestNG.java:77)
]]>
            </full-stacktrace>
          </exception> <!-- java.lang.AssertionError -->
          <reporter-output>
          </reporter-output>
        </test-method> <!-- SearhProductInHomePage1 -->
        <test-method status="PASS" signature="closeDriver(org.testng.ITestResult)[pri:0, instance:com.falabella.test.cl.T1@7920ba90]" name="closeDriver" is-config="true" duration-ms="672" started-at="2018-09-16T21:32:03Z" finished-at="2018-09-16T21:32:04Z">
          <params>
            <param index="0">
              <value>
                <![CDATA[[TestResult name=SearhProductInHomePage1 status=FAILURE method=T1.SearhProductInHomePage1(com.falabella.entities.Product)[pri:0, instance:com.falabella.test.cl.T1@7920ba90] output={null}]]]>
              </value>
            </param>
          </params>
          <reporter-output>
          </reporter-output>
        </test-method> <!-- closeDriver -->
      </class> <!-- com.falabella.test.cl.T1 -->
    </test> <!-- Default test -->
  </suite> <!-- Default suite -->
</testng-results>
